<?xml version="1.0" encoding="UTF-8"?>
<!-- Generated by org.testng.reporters.JUnitXMLReporter -->
<testsuite ignored="0" hostname="GAURI" failures="0" tests="3" name="Test" time="51.256" errors="0" timestamp="2024-07-31T16:11:34 IST">
  <testcase classname="com.crm.TestCases.CreateOrganizationWithIndustries" name="testCase" time="10.449"/>
  <testcase classname="com.crm.TestCases.CreateOrganization" name="createOrganization" time="10.126"/>
  <testcase classname="com.crm.TestCases.CreateContactWithDate" name="createContact" time="9.986"/>
</testsuite> <!-- Test -->
