<?xml version="1.0" encoding="UTF-8"?>
<testng-results ignored="0" total="1" passed="1" failed="0" skipped="0">
  <reporter-output>
  </reporter-output>
  <suite started-at="2024-07-31T16:31:43 IST" name="Default suite" finished-at="2024-07-31T16:32:01 IST" duration-ms="18051">
    <groups>
    </groups>
    <test started-at="2024-07-31T16:31:43 IST" name="Default test" finished-at="2024-07-31T16:32:01 IST" duration-ms="18051">
      <class name="com.crm.TestCases.CreateContactWithDate">
        <test-method is-config="true" signature="preCondition()[pri:0, instance:com.crm.TestCases.CreateContactWithDate@51399530]" started-at="2024-07-31T16:31:43 IST" name="preCondition" finished-at="2024-07-31T16:31:47 IST" duration-ms="3774" status="PASS">
          <reporter-output>
          </reporter-output>
        </test-method> <!-- preCondition -->
        <test-method is-config="true" signature="login()[pri:0, instance:com.crm.TestCases.CreateContactWithDate@51399530]" started-at="2024-07-31T16:31:47 IST" name="login" finished-at="2024-07-31T16:31:50 IST" duration-ms="3487" status="PASS">
          <reporter-output>
          </reporter-output>
        </test-method> <!-- login -->
        <test-method signature="createContact()[pri:0, instance:com.crm.TestCases.CreateContactWithDate@51399530]" started-at="2024-07-31T16:31:50 IST" name="createContact" finished-at="2024-07-31T16:32:01 IST" duration-ms="10259" status="PASS">
          <reporter-output>
          </reporter-output>
        </test-method> <!-- createContact -->
        <test-method is-config="true" signature="logout()[pri:0, instance:com.crm.TestCases.CreateContactWithDate@51399530]" started-at="2024-07-31T16:32:01 IST" name="logout" finished-at="2024-07-31T16:32:01 IST" duration-ms="3" status="PASS">
          <reporter-output>
          </reporter-output>
        </test-method> <!-- logout -->
        <test-method is-config="true" signature="postCondition()[pri:0, instance:com.crm.TestCases.CreateContactWithDate@51399530]" started-at="2024-07-31T16:32:01 IST" name="postCondition" finished-at="2024-07-31T16:32:01 IST" duration-ms="486" status="PASS">
          <reporter-output>
          </reporter-output>
        </test-method> <!-- postCondition -->
      </class> <!-- com.crm.TestCases.CreateContactWithDate -->
    </test> <!-- Default test -->
  </suite> <!-- Default suite -->
</testng-results>
